<?xml version="1.0" encoding="UTF-8"?>
<testng-results ignored="0" total="5" passed="5" failed="0" skipped="0">
  <reporter-output>
  </reporter-output>
  <suite started-at="2024-05-17T15:50:40 IST" name="Default suite" finished-at="2024-05-17T15:51:29 IST" duration-ms="49488">
    <groups>
      <group name="cucumber">
        <method signature="AbstractTestNGCucumberTests.runScenario(io.cucumber.testng.PickleWrapper,io.cucumber.testng.FeatureWrapper)[pri:0, instance:TestRunnerMicrofocus.RunnerTestMicrofocus@2eae8e6e]" name="runScenario" class="io.cucumber.testng.AbstractTestNGCucumberTests"/>
      </group> <!-- cucumber -->
    </groups>
    <test started-at="2024-05-17T15:50:40 IST" name="Default test" finished-at="2024-05-17T15:51:29 IST" duration-ms="49488">
      <class name="TestRunnerMicrofocus.RunnerTestMicrofocus">
        <test-method is-config="true" signature="setUpClass(org.testng.ITestContext)[pri:0, instance:TestRunnerMicrofocus.RunnerTestMicrofocus@2eae8e6e]" started-at="2024-05-17T15:50:40 IST" name="setUpClass" finished-at="2024-05-17T15:50:40 IST" duration-ms="630" status="PASS">
          <params>
            <param index="0">
              <value>
                <![CDATA[org.testng.TestRunner@44ddb518]]>
              </value>
            </param>
          </params>
          <reporter-output>
          </reporter-output>
        </test-method> <!-- setUpClass -->
        <test-method signature="runScenario(io.cucumber.testng.PickleWrapper,io.cucumber.testng.FeatureWrapper)[pri:0, instance:TestRunnerMicrofocus.RunnerTestMicrofocus@2eae8e6e]" started-at="2024-05-17T15:50:40 IST" name="runScenario" description="Runs Cucumber Scenarios" data-provider="scenarios" finished-at="2024-05-17T15:50:55 IST" duration-ms="14738" status="PASS">
          <params>
            <param index="0">
              <value>
                <![CDATA["Validate the Create Account Page Functionality  ##Parameters Concept"]]>
              </value>
            </param>
            <param index="1">
              <value>
                <![CDATA["Test MicroFocus Application"]]>
              </value>
            </param>
          </params>
          <reporter-output>
          </reporter-output>
        </test-method> <!-- runScenario -->
        <test-method signature="runScenario(io.cucumber.testng.PickleWrapper,io.cucumber.testng.FeatureWrapper)[pri:0, instance:TestRunnerMicrofocus.RunnerTestMicrofocus@2eae8e6e]" started-at="2024-05-17T15:50:55 IST" name="runScenario" description="Runs Cucumber Scenarios" data-provider="scenarios" finished-at="2024-05-17T15:51:02 IST" duration-ms="7068" status="PASS">
          <params>
            <param index="0">
              <value>
                <![CDATA["Validate the user Address##datadriven concept"]]>
              </value>
            </param>
            <param index="1">
              <value>
                <![CDATA["Test MicroFocus Application"]]>
              </value>
            </param>
          </params>
          <reporter-output>
          </reporter-output>
        </test-method> <!-- runScenario -->
        <test-method signature="runScenario(io.cucumber.testng.PickleWrapper,io.cucumber.testng.FeatureWrapper)[pri:0, instance:TestRunnerMicrofocus.RunnerTestMicrofocus@2eae8e6e]" started-at="2024-05-17T15:51:02 IST" name="runScenario" description="Runs Cucumber Scenarios" data-provider="scenarios" finished-at="2024-05-17T15:51:09 IST" duration-ms="6676" status="PASS">
          <params>
            <param index="0">
              <value>
                <![CDATA["Validate the user Address##datadriven concept"]]>
              </value>
            </param>
            <param index="1">
              <value>
                <![CDATA["Test MicroFocus Application"]]>
              </value>
            </param>
          </params>
          <reporter-output>
          </reporter-output>
        </test-method> <!-- runScenario -->
        <test-method signature="runScenario(io.cucumber.testng.PickleWrapper,io.cucumber.testng.FeatureWrapper)[pri:0, instance:TestRunnerMicrofocus.RunnerTestMicrofocus@2eae8e6e]" started-at="2024-05-17T15:51:09 IST" name="runScenario" description="Runs Cucumber Scenarios" data-provider="scenarios" finished-at="2024-05-17T15:51:16 IST" duration-ms="6750" status="PASS">
          <params>
            <param index="0">
              <value>
                <![CDATA["Validate the user Address##datadriven concept"]]>
              </value>
            </param>
            <param index="1">
              <value>
                <![CDATA["Test MicroFocus Application"]]>
              </value>
            </param>
          </params>
          <reporter-output>
          </reporter-output>
        </test-method> <!-- runScenario -->
        <test-method signature="runScenario(io.cucumber.testng.PickleWrapper,io.cucumber.testng.FeatureWrapper)[pri:0, instance:TestRunnerMicrofocus.RunnerTestMicrofocus@2eae8e6e]" started-at="2024-05-17T15:51:16 IST" name="runScenario" description="Runs Cucumber Scenarios" data-provider="scenarios" finished-at="2024-05-17T15:51:25 IST" duration-ms="9038" status="PASS">
          <params>
            <param index="0">
              <value>
                <![CDATA["Validate the Language and other details"]]>
              </value>
            </param>
            <param index="1">
              <value>
                <![CDATA["Test MicroFocus Application"]]>
              </value>
            </param>
          </params>
          <reporter-output>
          </reporter-output>
        </test-method> <!-- runScenario -->
        <test-method is-config="true" signature="tearDownClass()[pri:0, instance:TestRunnerMicrofocus.RunnerTestMicrofocus@2eae8e6e]" started-at="2024-05-17T15:51:25 IST" name="tearDownClass" finished-at="2024-05-17T15:51:29 IST" duration-ms="4508" status="PASS">
          <reporter-output>
          </reporter-output>
        </test-method> <!-- tearDownClass -->
      </class> <!-- TestRunnerMicrofocus.RunnerTestMicrofocus -->
    </test> <!-- Default test -->
  </suite> <!-- Default suite -->
</testng-results>
